app/build/intermediates/manifest_merge_blame_file/release/manifest-merger-blame-release-report.txt
1<?xml version="1.0" encoding="utf-8"?>
2<!--
3    Copyright 2019 Google Inc. All Rights Reserved.
4
5     Licensed under the Apache License, Version 2.0 (the "License");
6     you may not use this file except in compliance with the License.
7     You may obtain a copy of the License at
8
9         http://www.apache.org/licenses/LICENSE-2.0
10
11     Unless required by applicable law or agreed to in writing, software
12     distributed under the License is distributed on an "AS IS" BASIS,
13     WITHOUT WARRANTIES OR CONDITIONS OF ANY KIND, either express or implied.
14     See the License for the specific language governing permissions and
15     limitations under the License.
16-->
17<!--
18 The "package" attribute is rewritten by the Gradle build with the value of applicationId.
19     It is still required here, as it is used to derive paths, for instance when referring
20     to an Activity by ".MyActivity" instead of the full name. If more Activities are added to the
21     application, the package attribute will need to reflect the correct path in order to use
22     the abbreviated format.
23-->
24<manifest xmlns:android="http://schemas.android.com/apk/res/android"
25    package="app.vercel.waiflower.twa"
26    android:versionCode="1"
27    android:versionName="1" >
28
29    <uses-sdk
30        android:minSdkVersion="19"
30-->src/main/AndroidManifest.xml
31        android:targetSdkVersion="33" />
31-->src/main/AndroidManifest.xml
32
33    <uses-permission android:name="android.permission.POST_NOTIFICATIONS" />
33-->src/main/AndroidManifest.xml:26:9-80
33-->src/main/AndroidManifest.xml:26:26-78
34    <uses-permission android:name="android.permission.ACCESS_FINE_LOCATION" />
34-->[com.google.androidbrowserhelper:locationdelegation:1.0.1] AndroidManifest.xml:11:5-79
34-->[com.google.androidbrowserhelper:locationdelegation:1.0.1] AndroidManifest.xml:11:22-76
35
36    <queries>
36-->[com.google.androidbrowserhelper:androidbrowserhelper:2.4.0] AndroidManifest.xml:26:5-34:15
37        <intent>
37-->[com.google.androidbrowserhelper:androidbrowserhelper:2.4.0] AndroidManifest.xml:27:9-33:18
38            <action android:name="android.intent.action.VIEW" />
38-->src/main/AndroidManifest.xml:133:17-68
38-->src/main/AndroidManifest.xml:133:25-66
39
40            <category android:name="android.intent.category.BROWSABLE" />
40-->src/main/AndroidManifest.xml:135:17-77
40-->src/main/AndroidManifest.xml:135:27-75
41
42            <data android:scheme="https" />
42-->src/main/AndroidManifest.xml:136:17-137:54
42-->src/main/AndroidManifest.xml:136:23-45
43        </intent>
44    </queries>
45
46    <uses-permission android:name="com.android.vending.BILLING" />
46-->[com.android.billingclient:billing:4.0.0] AndroidManifest.xml:10:5-67
46-->[com.android.billingclient:billing:4.0.0] AndroidManifest.xml:10:22-64
47
48    <application
48-->src/main/AndroidManifest.xml:35:5-208:19
49        android:name="app.vercel.waiflower.twa.Application"
49-->src/main/AndroidManifest.xml:36:9-35
50        android:allowBackup="true"
50-->src/main/AndroidManifest.xml:37:9-35
51        android:appComponentFactory="androidx.core.app.CoreComponentFactory"
51-->[androidx.core:core:1.1.0] AndroidManifest.xml:24:18-86
52        android:icon="@mipmap/ic_launcher"
52-->src/main/AndroidManifest.xml:38:9-43
53        android:label="@string/appName"
53-->src/main/AndroidManifest.xml:39:9-40
54        android:manageSpaceActivity="com.google.androidbrowserhelper.trusted.ManageDataLauncherActivity"
54-->src/main/AndroidManifest.xml:41:9-105
55        android:supportsRtl="true"
55-->src/main/AndroidManifest.xml:43:9-35
56        android:theme="@android:style/Theme.Translucent.NoTitleBar" >
56-->src/main/AndroidManifest.xml:44:9-68
57        <meta-data
57-->src/main/AndroidManifest.xml:46:9-48:58
58            android:name="asset_statements"
58-->src/main/AndroidManifest.xml:47:13-44
59            android:resource="@string/assetStatements" />
59-->src/main/AndroidManifest.xml:48:13-55
60        <meta-data
60-->src/main/AndroidManifest.xml:51:13-53:58
61            android:name="web_manifest_url"
61-->src/main/AndroidManifest.xml:52:17-48
62            android:value="@string/webManifestUrl" />
62-->src/main/AndroidManifest.xml:53:17-55
63        <meta-data
63-->src/main/AndroidManifest.xml:56:9-58:52
64            android:name="twa_generator"
64-->src/main/AndroidManifest.xml:57:13-41
65            android:value="@string/generatorApp" />
65-->src/main/AndroidManifest.xml:58:13-49
66
67        <activity android:name="com.google.androidbrowserhelper.trusted.ManageDataLauncherActivity" >
67-->src/main/AndroidManifest.xml:65:13-69:24
67-->src/main/AndroidManifest.xml:65:23-104
68            <meta-data
68-->src/main/AndroidManifest.xml:66:13-68:53
69                android:name="android.support.customtabs.trusted.MANAGE_SPACE_URL"
69-->src/main/AndroidManifest.xml:67:17-83
70                android:value="@string/launchUrl" />
70-->src/main/AndroidManifest.xml:68:17-50
71        </activity>
72        <activity
72-->src/main/AndroidManifest.xml:72:9-141:20
73            android:name="app.vercel.waiflower.twa.LauncherActivity"
73-->src/main/AndroidManifest.xml:72:19-50
74            android:alwaysRetainTaskState="true"
74-->src/main/AndroidManifest.xml:73:13-49
75            android:exported="true"
75-->src/main/AndroidManifest.xml:75:13-36
76            android:label="@string/launcherName" >
76-->src/main/AndroidManifest.xml:74:13-49
77            <meta-data
77-->src/main/AndroidManifest.xml:76:13-77:53
78                android:name="android.support.customtabs.trusted.DEFAULT_URL"
78-->src/main/AndroidManifest.xml:76:24-85
79                android:value="@string/launchUrl" />
79-->src/main/AndroidManifest.xml:77:17-50
80            <meta-data
80-->src/main/AndroidManifest.xml:79:13-81:58
81                android:name="android.support.customtabs.trusted.STATUS_BAR_COLOR"
81-->src/main/AndroidManifest.xml:80:17-83
82                android:resource="@color/colorPrimary" />
82-->src/main/AndroidManifest.xml:81:17-55
83            <meta-data
83-->src/main/AndroidManifest.xml:83:13-85:61
84                android:name="android.support.customtabs.trusted.NAVIGATION_BAR_COLOR"
84-->src/main/AndroidManifest.xml:84:17-87
85                android:resource="@color/navigationColor" />
85-->src/main/AndroidManifest.xml:85:17-58
86            <meta-data
86-->src/main/AndroidManifest.xml:87:13-89:65
87                android:name="android.support.customtabs.trusted.NAVIGATION_BAR_COLOR_DARK"
87-->src/main/AndroidManifest.xml:88:17-92
88                android:resource="@color/navigationColorDark" />
88-->src/main/AndroidManifest.xml:89:17-62
89            <meta-data
89-->src/main/AndroidManifest.xml:91:13-93:68
90                android:name="androix.browser.trusted.NAVIGATION_BAR_DIVIDER_COLOR"
90-->src/main/AndroidManifest.xml:92:17-84
91                android:resource="@color/navigationDividerColor" />
91-->src/main/AndroidManifest.xml:93:17-65
92            <meta-data
92-->src/main/AndroidManifest.xml:95:13-97:72
93                android:name="androix.browser.trusted.NAVIGATION_BAR_DIVIDER_COLOR_DARK"
93-->src/main/AndroidManifest.xml:96:17-89
94                android:resource="@color/navigationDividerColorDark" />
94-->src/main/AndroidManifest.xml:97:17-69
95            <meta-data
95-->src/main/AndroidManifest.xml:99:13-100:54
96                android:name="android.support.customtabs.trusted.SPLASH_IMAGE_DRAWABLE"
96-->src/main/AndroidManifest.xml:99:24-95
97                android:resource="@drawable/splash" />
97-->src/main/AndroidManifest.xml:100:17-52
98            <meta-data
98-->src/main/AndroidManifest.xml:102:13-103:60
99                android:name="android.support.customtabs.trusted.SPLASH_SCREEN_BACKGROUND_COLOR"
99-->src/main/AndroidManifest.xml:102:24-104
100                android:resource="@color/backgroundColor" />
100-->src/main/AndroidManifest.xml:103:17-58
101            <meta-data
101-->src/main/AndroidManifest.xml:105:13-106:71
102                android:name="android.support.customtabs.trusted.SPLASH_SCREEN_FADE_OUT_DURATION"
102-->src/main/AndroidManifest.xml:105:24-105
103                android:value="@integer/splashScreenFadeOutDuration" />
103-->src/main/AndroidManifest.xml:106:17-69
104            <meta-data
104-->src/main/AndroidManifest.xml:108:13-109:60
105                android:name="android.support.customtabs.trusted.FILE_PROVIDER_AUTHORITY"
105-->src/main/AndroidManifest.xml:108:24-97
106                android:value="@string/providerAuthority" />
106-->src/main/AndroidManifest.xml:109:17-58
107            <meta-data
107-->src/main/AndroidManifest.xml:111:13-97
108                android:name="android.app.shortcuts"
108-->src/main/AndroidManifest.xml:111:24-60
109                android:resource="@xml/shortcuts" />
109-->src/main/AndroidManifest.xml:111:61-94
110            <meta-data
110-->src/main/AndroidManifest.xml:113:13-114:56
111                android:name="android.support.customtabs.trusted.FALLBACK_STRATEGY"
111-->src/main/AndroidManifest.xml:113:24-91
112                android:value="@string/fallbackType" />
112-->src/main/AndroidManifest.xml:114:17-53
113            <meta-data
113-->src/main/AndroidManifest.xml:120:13-121:54
114                android:name="android.support.customtabs.trusted.SCREEN_ORIENTATION"
114-->src/main/AndroidManifest.xml:120:24-92
115                android:value="@string/orientation" />
115-->src/main/AndroidManifest.xml:121:17-52
116
117            <intent-filter>
117-->src/main/AndroidManifest.xml:127:13-130:29
118                <action android:name="android.intent.action.MAIN" />
118-->src/main/AndroidManifest.xml:128:17-69
118-->src/main/AndroidManifest.xml:128:25-66
119
120                <category android:name="android.intent.category.LAUNCHER" />
120-->src/main/AndroidManifest.xml:129:17-77
120-->src/main/AndroidManifest.xml:129:27-74
121            </intent-filter>
122            <intent-filter android:autoVerify="true" >
122-->src/main/AndroidManifest.xml:132:13-138:29
122-->src/main/AndroidManifest.xml:132:28-53
123                <action android:name="android.intent.action.VIEW" />
123-->src/main/AndroidManifest.xml:133:17-68
123-->src/main/AndroidManifest.xml:133:25-66
124
125                <category android:name="android.intent.category.DEFAULT" />
125-->src/main/AndroidManifest.xml:134:17-76
125-->src/main/AndroidManifest.xml:134:27-73
126                <category android:name="android.intent.category.BROWSABLE" />
126-->src/main/AndroidManifest.xml:135:17-77
126-->src/main/AndroidManifest.xml:135:27-75
127
128                <data
128-->src/main/AndroidManifest.xml:136:17-137:54
129                    android:host="@string/hostName"
129-->src/main/AndroidManifest.xml:137:21-52
130                    android:scheme="https" />
130-->src/main/AndroidManifest.xml:136:23-45
131            </intent-filter>
132        </activity>
133        <activity android:name="com.google.androidbrowserhelper.trusted.FocusActivity" />
133-->src/main/AndroidManifest.xml:143:9-90
133-->src/main/AndroidManifest.xml:143:19-87
134        <activity
134-->src/main/AndroidManifest.xml:145:9-146:62
135            android:name="com.google.androidbrowserhelper.trusted.WebViewFallbackActivity"
135-->src/main/AndroidManifest.xml:145:19-97
136            android:configChanges="orientation|screenSize" />
136-->src/main/AndroidManifest.xml:146:13-59
137
138        <provider
138-->src/main/AndroidManifest.xml:148:9-156:20
139            android:name="androidx.core.content.FileProvider"
139-->src/main/AndroidManifest.xml:149:13-62
140            android:authorities="@string/providerAuthority"
140-->src/main/AndroidManifest.xml:150:13-60
141            android:exported="false"
141-->src/main/AndroidManifest.xml:152:13-37
142            android:grantUriPermissions="true" >
142-->src/main/AndroidManifest.xml:151:13-47
143            <meta-data
143-->src/main/AndroidManifest.xml:153:13-155:53
144                android:name="android.support.FILE_PROVIDER_PATHS"
144-->src/main/AndroidManifest.xml:154:17-67
145                android:resource="@xml/filepaths" />
145-->src/main/AndroidManifest.xml:155:17-50
146        </provider>
147
148        <service
148-->src/main/AndroidManifest.xml:158:9-173:19
149            android:name="app.vercel.waiflower.twa.DelegationService"
149-->src/main/AndroidManifest.xml:159:13-46
150            android:enabled="@bool/enableNotification"
150-->src/main/AndroidManifest.xml:160:13-55
151            android:exported="@bool/enableNotification" >
151-->src/main/AndroidManifest.xml:161:13-56
152            <meta-data
152-->src/main/AndroidManifest.xml:164:17-166:73
153                android:name="android.support.customtabs.trusted.SMALL_ICON"
153-->src/main/AndroidManifest.xml:165:21-81
154                android:resource="@drawable/ic_notification_icon" />
154-->src/main/AndroidManifest.xml:166:21-70
155
156            <intent-filter>
156-->src/main/AndroidManifest.xml:169:13-172:29
157                <action android:name="android.support.customtabs.trusted.TRUSTED_WEB_ACTIVITY_SERVICE" />
157-->src/main/AndroidManifest.xml:170:17-105
157-->src/main/AndroidManifest.xml:170:25-103
158
159                <category android:name="android.intent.category.DEFAULT" />
159-->src/main/AndroidManifest.xml:134:17-76
159-->src/main/AndroidManifest.xml:134:27-73
160            </intent-filter>
161        </service>
162
163        <activity android:name="com.google.androidbrowserhelper.trusted.NotificationPermissionRequestActivity" />
163-->src/main/AndroidManifest.xml:176:13-118
163-->src/main/AndroidManifest.xml:176:23-115
164        <activity android:name="com.google.androidbrowserhelper.locationdelegation.PermissionRequestActivity" />
164-->src/main/AndroidManifest.xml:180:13-181:89
164-->src/main/AndroidManifest.xml:180:23-123
165        <activity
165-->src/main/AndroidManifest.xml:184:9-197:20
166            android:name="com.google.androidbrowserhelper.playbilling.provider.PaymentActivity"
166-->src/main/AndroidManifest.xml:185:13-96
167            android:configChanges="keyboardHidden|keyboard|orientation|screenLayout|screenSize"
167-->src/main/AndroidManifest.xml:187:13-96
168            android:exported="true"
168-->src/main/AndroidManifest.xml:188:13-36
169            android:theme="@android:style/Theme.Translucent.NoTitleBar" >
169-->src/main/AndroidManifest.xml:186:13-72
170            <intent-filter>
170-->src/main/AndroidManifest.xml:190:13-192:29
171                <action android:name="org.chromium.intent.action.PAY" />
171-->src/main/AndroidManifest.xml:191:17-73
171-->src/main/AndroidManifest.xml:191:25-70
172            </intent-filter>
173
174            <meta-data
174-->src/main/AndroidManifest.xml:194:13-196:67
175                android:name="org.chromium.default_payment_method_name"
175-->src/main/AndroidManifest.xml:195:17-72
176                android:value="https://play.google.com/billing" />
176-->src/main/AndroidManifest.xml:196:17-64
177        </activity>
178
179        <!-- This service checks who calls it at runtime. -->
180        <service
180-->src/main/AndroidManifest.xml:200:9-206:19
181            android:name="com.google.androidbrowserhelper.playbilling.provider.PaymentService"
181-->src/main/AndroidManifest.xml:201:13-95
182            android:exported="true" >
182-->src/main/AndroidManifest.xml:202:13-36
183            <intent-filter>
183-->src/main/AndroidManifest.xml:203:13-205:29
184                <action android:name="org.chromium.intent.action.IS_READY_TO_PAY" />
184-->src/main/AndroidManifest.xml:204:17-85
184-->src/main/AndroidManifest.xml:204:25-82
185            </intent-filter>
186        </service>
187
188        <meta-data
188-->[com.android.billingclient:billing:4.0.0] AndroidManifest.xml:13:9-15:37
189            android:name="com.google.android.play.billingclient.version"
189-->[com.android.billingclient:billing:4.0.0] AndroidManifest.xml:14:13-73
190            android:value="4.0.0" />
190-->[com.android.billingclient:billing:4.0.0] AndroidManifest.xml:15:13-34
191
192        <activity
192-->[com.android.billingclient:billing:4.0.0] AndroidManifest.xml:17:9-21:75
193            android:name="com.android.billingclient.api.ProxyBillingActivity"
193-->[com.android.billingclient:billing:4.0.0] AndroidManifest.xml:18:13-78
194            android:configChanges="keyboard|keyboardHidden|screenLayout|screenSize|orientation"
194-->[com.android.billingclient:billing:4.0.0] AndroidManifest.xml:19:13-96
195            android:exported="false"
195-->[com.android.billingclient:billing:4.0.0] AndroidManifest.xml:20:13-37
196            android:theme="@android:style/Theme.Translucent.NoTitleBar" />
196-->[com.android.billingclient:billing:4.0.0] AndroidManifest.xml:21:13-72
197        <activity
197-->[com.google.android.gms:play-services-base:17.0.0] AndroidManifest.xml:23:9-26:75
198            android:name="com.google.android.gms.common.api.GoogleApiActivity"
198-->[com.google.android.gms:play-services-base:17.0.0] AndroidManifest.xml:24:13-79
199            android:exported="false"
199-->[com.google.android.gms:play-services-base:17.0.0] AndroidManifest.xml:25:13-37
200            android:theme="@android:style/Theme.Translucent.NoTitleBar" />
200-->[com.google.android.gms:play-services-base:17.0.0] AndroidManifest.xml:26:13-72
201
202        <meta-data
202-->[com.google.android.gms:play-services-basement:17.0.0] AndroidManifest.xml:23:9-25:69
203            android:name="com.google.android.gms.version"
203-->[com.google.android.gms:play-services-basement:17.0.0] AndroidManifest.xml:24:13-58
204            android:value="@integer/google_play_services_version" />
204-->[com.google.android.gms:play-services-basement:17.0.0] AndroidManifest.xml:25:13-66
205    </application>
206
207</manifest>